<?xml version="1.0" encoding="UTF-8"?>
<testng-results ignored="0" total="1" passed="1" failed="0" skipped="0">
  <reporter-output>
  </reporter-output>
  <suite started-at="2024-11-28T11:45:03 IST" name="Default suite" finished-at="2024-11-28T11:45:21 IST" duration-ms="18232">
    <groups>
    </groups>
    <test started-at="2024-11-28T11:45:03 IST" name="Default test" finished-at="2024-11-28T11:45:21 IST" duration-ms="18232">
      <class name="com.pom.design.LoginTest">
        <test-method signature="verifyLoginWithInvalidCredentials()[pri:0, instance:com.pom.design.LoginTest@8519cb4]" started-at="2024-11-28T11:45:03 IST" name="verifyLoginWithInvalidCredentials" finished-at="2024-11-28T11:45:21 IST" duration-ms="18179" status="PASS">
          <reporter-output>
          </reporter-output>
        </test-method> <!-- verifyLoginWithInvalidCredentials -->
      </class> <!-- com.pom.design.LoginTest -->
    </test> <!-- Default test -->
  </suite> <!-- Default suite -->
</testng-results>
