<?xml version="1.0" encoding="UTF-8"?>
<!-- Generated by org.testng.reporters.JUnitXMLReporter -->
<testsuite ignored="0" hostname="LAPTOP-F96I546I" failures="0" tests="3" name="addemployee" time="0.074" errors="0" timestamp="2024-11-23T13:17:02 IST">
  <testcase classname="com.p.testng.AddEmployee" name="DeleteEmployee" time="0.014"/>
  <testcase classname="com.p.testng.AddEmployee" name="addEmployee" time="0.002"/>
  <testcase classname="com.p.testng.AddEmployee" name="editEmployee" time="0.003"/>
</testsuite> <!-- addemployee -->
