<?xml version="1.0" encoding="UTF-8"?>
<!-- Generated by org.testng.reporters.JUnitXMLReporter -->
<testsuite ignored="0" hostname="LAPTOP-F96I546I" failures="0" tests="3" name="jobtitle" time="0.012" errors="0" timestamp="2024-11-23T13:17:02 IST">
  <testcase classname="com.p.testng.JobTitle" name="addjobtitle" time="0.001"/>
  <testcase classname="com.p.testng.JobTitle" name="deleteJobTitle" time="0.002"/>
  <testcase classname="com.p.testng.JobTitle" name="editJobTitle" time="0.001"/>
</testsuite> <!-- jobtitle -->
