<?xml version="1.0" encoding="UTF-8"?>
<!-- Generated by org.testng.reporters.JUnitXMLReporter -->
<testsuite ignored="0" hostname="LAPTOP-F96I546I" failures="0" tests="6" name="Test" time="0.037" errors="0" timestamp="2024-11-23T13:17:02 IST">
  <testcase classname="com.p.testng.ExGrouping" name="addadmin" time="0.002"/>
  <testcase classname="com.p.testng.ExGrouping" name="addemployee" time="0.001"/>
  <testcase classname="com.p.testng.ExGrouping" name="addjobtitle" time="0.002"/>
  <testcase classname="com.p.testng.ExGrouping" name="addpayGrades" time="0.003"/>
  <testcase classname="com.p.testng.ExGrouping" name="deleteemployee" time="0.002"/>
  <testcase classname="com.p.testng.ExGrouping" name="editemployee" time="0.001"/>
</testsuite> <!-- Test -->
