<?xml version="1.0" encoding="UTF-8"?>
<!-- Generated by org.testng.reporters.JUnitXMLReporter -->
<testsuite ignored="0" hostname="LAPTOP-F96I546I" failures="0" tests="3" name="usermanagement" time="0.017" errors="0" timestamp="2024-11-23T13:17:02 IST">
  <testcase classname="com.p.testng.UserManagement" name="addUser" time="0.003"/>
  <testcase classname="com.p.testng.UserManagement" name="deleteUser" time="0.002"/>
  <testcase classname="com.p.testng.UserManagement" name="editUser" time="0.001"/>
</testsuite> <!-- usermanagement -->
